2022-09-13 22:36:47,484 INFO  [main] - Start calculator
2022-09-13 22:36:53,879 DEBUG [main] - Действительные числа
2022-09-13 22:36:57,461 DEBUG [main] - Введена операция
2022-09-13 22:36:59,699 DEBUG [main] - Set real x
2022-09-13 22:36:59,699 INFO  [main] - Первое действительное число
2022-09-13 22:37:01,457 DEBUG [main] - Set real y
2022-09-13 22:37:01,457 INFO  [main] - Второе действительное число
2022-09-13 22:37:01,457 INFO  [main] - Dif
2022-09-13 22:37:10,088 DEBUG [main] - Мнимые числа
2022-09-13 22:37:14,040 DEBUG [main] - Введена операция
2022-09-13 22:37:15,710 DEBUG [main] - Set x
2022-09-13 22:37:17,402 DEBUG [main] - Set a
2022-09-13 22:37:17,404 INFO  [main] - Первое мнимое число
2022-09-13 22:37:19,036 DEBUG [main] - Set y
2022-09-13 22:37:20,385 DEBUG [main] - Set b
2022-09-13 22:37:20,385 INFO  [main] - Второе мнимое число
2022-09-13 22:37:20,385 INFO  [main] - ult
2022-09-13 22:37:20,391 DEBUG [main] - Create imaginary
2022-09-13 22:38:05,409 INFO  [main] - Exit program
2022-09-13 22:41:12,077 INFO  [main] - Start calculator
2022-09-13 22:41:15,021 DEBUG [main] - Действительные числа
2022-09-13 22:41:19,479 DEBUG [main] - Введена операция
2022-09-13 22:44:30,627 INFO  [main] - Start calculator
2022-09-13 22:44:34,367 DEBUG [main] - Действительные числа
2022-09-13 22:44:38,519 DEBUG [main] - Введена операция
2022-09-13 22:52:23,750 INFO  [main] - Start calculator
2022-09-13 22:53:47,133 INFO  [main] - FFF
